<?xml version="1.0" encoding="UTF-8"?>
<testsuite xmlns:xsi="http://www.w3.org/2001/XMLSchema-instance" xsi:noNamespaceSchemaLocation="https://maven.apache.org/surefire/maven-surefire-plugin/xsd/surefire-test-report.xsd" name="runner.TestRunner" time="55.851" tests="13" errors="0" skipped="0" failures="2">
  <properties>
[...]
</properties>
  <testcase name="Login with valid credentials #1" classname="Login functionality" time="6.354"/>
  <testcase name="Login with valid credentials #2" classname="Login functionality" time="3.775"/>
  <testcase name="Login with invalid credentials" classname="Login functionality" time="3.785"/>
  <testcase name="Login with valid email and invalid password" classname="Login functionality" time="3.373"/>
  <testcase name="Login with invalid email and valid password" classname="Login functionality" time="2.988"/>
  <testcase name="Login without any credentials" classname="Login functionality" time="3.163"/>
  <testcase name="User creates an account only with mandatory field" classname="Registration Functionality" time="4.36"/>
  <testcase name="User creates an account only with all field" classname="Registration Functionality" time="5.437"/>
  <testcase name="User creates a duplicate account" classname="Registration Functionality" time="5.105"/>
  <testcase name="User creates an account without filling any details" classname="Registration Functionality" time="4.422"/>
  <testcase name="user searches for valid product" classname="Search functionality" time="3.09"/>
  <testcase name="user searches for invalid product" classname="Search functionality" time="3.532">
    <failure message="expected:&lt;... is no product that []matches the search c...&gt; but was:&lt;... is no product that [//////]matches the search c...&gt;" type="org.junit.ComparisonFailure"><![CDATA[org.junit.ComparisonFailure: expected:<... is no product that []matches the search c...> but was:<... is no product that [//////]matches the search c...>
]]></failure>
    <system-out><![CDATA[
Scenario: user searches for invalid product                      # src/test/resources/features/Search.feature:10
  Given user opens the application                               # stepDefinition.Search.user_opens_the_application()
  When user enter product "Honda" in search box field            # stepDefinition.Search.user_enter_valid_product_something_in_search_box_field(java.lang.String)
  And user click on search button                                # stepDefinition.Search.user_click_on_search_button()
  Then user should get a messege about product in search results # stepDefinition.Search.user_should_get_a_messege_about_product_in_search_results()
      org.junit.ComparisonFailure: expected:<... is no product that []matches the search c...> but was:<... is no product that [//////]matches the search c...>
	at org.junit.Assert.assertEquals(Assert.java:115)
	at org.junit.Assert.assertEquals(Assert.java:144)
	at stepDefinition.Search.user_should_get_a_messege_about_product_in_search_results(Search.java:58)
	at ✽.user should get a messege about product in search results(file:///C:/Users/LENOVO/pageobject/TutorialNinjaProj/src/test/resources/features/Search.feature:15)


    Embedding user_searches_for_invalid_product [image/png 80841 bytes]

]]></system-out>
    <system-err><![CDATA[Starting ChromeDriver 111.0.5563.64 (c710e93d5b63b7095afe8c2c17df34408078439d-refs/branch-heads/5563@{#995}) on port 13286
Only local connections are allowed.
Please see https://chromedriver.chromium.org/security-considerations for suggestions on keeping ChromeDriver safe.
ChromeDriver was started successfully.
]]></system-err>
  </testcase>
  <testcase name="user searches without any product" classname="Search functionality" time="2.668">
    <failure message="expected:&lt;... is no product that []matches the search c...&gt; but was:&lt;... is no product that [//////]matches the search c...&gt;" type="org.junit.ComparisonFailure"><![CDATA[org.junit.ComparisonFailure: expected:<... is no product that []matches the search c...> but was:<... is no product that [//////]matches the search c...>
]]></failure>
    <system-out><![CDATA[
Scenario: user searches without any product                      # src/test/resources/features/Search.feature:17
  Given user opens the application                               # stepDefinition.Search.user_opens_the_application()
  When user dont enter product in search box field               # stepDefinition.Search.user_dont_enter_product_in_search_box_field()
  And user click on search button                                # stepDefinition.Search.user_click_on_search_button()
  Then user should get a messege about product in search results # stepDefinition.Search.user_should_get_a_messege_about_product_in_search_results()
      org.junit.ComparisonFailure: expected:<... is no product that []matches the search c...> but was:<... is no product that [//////]matches the search c...>
	at org.junit.Assert.assertEquals(Assert.java:115)
	at org.junit.Assert.assertEquals(Assert.java:144)
	at stepDefinition.Search.user_should_get_a_messege_about_product_in_search_results(Search.java:58)
	at ✽.user should get a messege about product in search results(file:///C:/Users/LENOVO/pageobject/TutorialNinjaProj/src/test/resources/features/Search.feature:22)


    Embedding user_searches_without_any_product [image/png 79727 bytes]

]]></system-out>
    <system-err><![CDATA[Starting ChromeDriver 111.0.5563.64 (c710e93d5b63b7095afe8c2c17df34408078439d-refs/branch-heads/5563@{#995}) on port 10136
Only local connections are allowed.
Please see https://chromedriver.chromium.org/security-considerations for suggestions on keeping ChromeDriver safe.
ChromeDriver was started successfully.
]]></system-err>
  </testcase>
</testsuite>